22-07-2014 12:14:56 : KERNEL : Service explorateur Lecteur C trouv‚ recherche informations mat‚riel...
22-07-2014 12:14:56 : KERNEL : LECTEUR_INFO Recherche des information du lecteur C
22-07-2014 12:14:56 : CpcdosC+ : Execution de FIX/ SYS_DISQUE_NUM = 34DEBE9D...
22-07-2014 12:14:56 : FIX/ SYS_DISQUE_NUM = 34DEBE9D
22-07-2014 12:14:56 : CpcdosC+ : Execution de FIX/ SYS_DISQUE_LABEL = NO NAME    ...
22-07-2014 12:14:56 : FIX/ SYS_DISQUE_LABEL = NO NAME    
22-07-2014 12:14:56 : CpcdosC+ : Execution de FIX/ SYS_DISQUE_SYS = FAT32   ...
22-07-2014 12:14:56 : FIX/ SYS_DISQUE_SYS = FAT32   
22-07-2014 12:14:56 : CpcdosC+ : Execution de FIX/ SYS_DISQUE_OPS = 512...
22-07-2014 12:14:56 : FIX/ SYS_DISQUE_OPS = 512
22-07-2014 12:14:56 : CpcdosC+ : Execution de FIX/ SYS_DISQUE_SPC = 32...
22-07-2014 12:14:56 : FIX/ SYS_DISQUE_SPC = 32
22-07-2014 12:14:56 : CpcdosC+ : Execution de FIX/ SYS_DISQUE_CTOTAL = 63500...
22-07-2014 12:14:56 : FIX/ SYS_DISQUE_CTOTAL = 63500
22-07-2014 12:14:56 : CpcdosC+ : Execution de FIX/ SYS_DISQUE_CDISPO = 1950...
22-07-2014 12:14:56 : FIX/ SYS_DISQUE_CDISPO = 1950
22-07-2014 12:14:56 : CpcdosC+ : Execution de FIX/ SYS_DISQUE_OTOTAL = 1040384000...
22-07-2014 12:14:56 : FIX/ SYS_DISQUE_OTOTAL = 1040384000
22-07-2014 12:14:56 : CpcdosC+ : Execution de FIX/ SYS_DISQUE_OLIBRE = 31948800...
22-07-2014 12:14:56 : FIX/ SYS_DISQUE_OLIBRE = 31948800
23-03-2002 15:14:20 : KERNEL : Service explorateur Lecteur C trouv‚ recherche informations mat‚riel...
23-03-2002 15:14:20 : KERNEL : LECTEUR_INFO Recherche des information du lecteur C
23-03-2002 15:14:20 : CpcdosC+ : Execution de FIX/ SYS_DISQUE_NUM = 34DEBE9D...
23-03-2002 15:14:20 : FIX/ SYS_DISQUE_NUM = 34DEBE9D
23-03-2002 15:14:20 : CpcdosC+ : Execution de FIX/ SYS_DISQUE_LABEL = NO NAME    ...
23-03-2002 15:14:20 : FIX/ SYS_DISQUE_LABEL = NO NAME    
23-03-2002 15:14:20 : CpcdosC+ : Execution de FIX/ SYS_DISQUE_SYS = FAT32   ...
23-03-2002 15:14:20 : FIX/ SYS_DISQUE_SYS = FAT32   
23-03-2002 15:14:20 : CpcdosC+ : Execution de FIX/ SYS_DISQUE_OPS = 512...
23-03-2002 15:14:20 : FIX/ SYS_DISQUE_OPS = 512
23-03-2002 15:14:20 : CpcdosC+ : Execution de FIX/ SYS_DISQUE_SPC = 32...
23-03-2002 15:14:20 : FIX/ SYS_DISQUE_SPC = 32
23-03-2002 15:14:20 : CpcdosC+ : Execution de FIX/ SYS_DISQUE_CTOTAL = 63500...
23-03-2002 15:14:20 : FIX/ SYS_DISQUE_CTOTAL = 63500
23-03-2002 15:14:20 : CpcdosC+ : Execution de FIX/ SYS_DISQUE_CDISPO = 1943...
23-03-2002 15:14:20 : FIX/ SYS_DISQUE_CDISPO = 1943
23-03-2002 15:14:20 : CpcdosC+ : Execution de FIX/ SYS_DISQUE_OTOTAL = 1040384000...
23-03-2002 15:14:20 : FIX/ SYS_DISQUE_OTOTAL = 1040384000
23-03-2002 15:14:20 : CpcdosC+ : Execution de FIX/ SYS_DISQUE_OLIBRE = 31834112...
23-03-2002 15:14:20 : FIX/ SYS_DISQUE_OLIBRE = 31834112
23-03-2002 15:14:21 : KERNEL : Service explorateur Lecteur C trouv‚ recherche informations mat‚riel...
23-03-2002 15:14:21 : KERNEL : LECTEUR_INFO Recherche des information du lecteur C
23-03-2002 15:14:21 : CpcdosC+ : Execution de FIX/ SYS_DISQUE_NUM = 34DEBE9D...
23-03-2002 15:14:21 : FIX/ SYS_DISQUE_NUM = 34DEBE9D
23-03-2002 15:14:21 : CpcdosC+ : Execution de FIX/ SYS_DISQUE_LABEL = NO NAME    ...
23-03-2002 15:14:21 : FIX/ SYS_DISQUE_LABEL = NO NAME    
23-03-2002 15:14:21 : CpcdosC+ : Execution de FIX/ SYS_DISQUE_SYS = FAT32   ...
23-03-2002 15:14:21 : FIX/ SYS_DISQUE_SYS = FAT32   
23-03-2002 15:14:21 : CpcdosC+ : Execution de FIX/ SYS_DISQUE_OPS = 512...
23-03-2002 15:14:21 : FIX/ SYS_DISQUE_OPS = 512
23-03-2002 15:14:21 : CpcdosC+ : Execution de FIX/ SYS_DISQUE_SPC = 32...
23-03-2002 15:14:21 : FIX/ SYS_DISQUE_SPC = 32
23-03-2002 15:14:21 : CpcdosC+ : Execution de FIX/ SYS_DISQUE_CTOTAL = 63500...
23-03-2002 15:14:21 : FIX/ SYS_DISQUE_CTOTAL = 63500
23-03-2002 15:14:21 : CpcdosC+ : Execution de FIX/ SYS_DISQUE_CDISPO = 1943...
23-03-2002 15:14:21 : FIX/ SYS_DISQUE_CDISPO = 1943
23-03-2002 15:14:21 : CpcdosC+ : Execution de FIX/ SYS_DISQUE_OTOTAL = 1040384000...
23-03-2002 15:14:21 : FIX/ SYS_DISQUE_OTOTAL = 1040384000
23-03-2002 15:14:21 : CpcdosC+ : Execution de FIX/ SYS_DISQUE_OLIBRE = 31834112...
23-03-2002 15:14:21 : FIX/ SYS_DISQUE_OLIBRE = 31834112
